#-----------------------------------------------------------
# Vivado v2018.3 (64-bit)
# SW Build 2405991 on Thu Dec  6 23:38:27 MST 2018
# IP Build 2404404 on Fri Dec  7 01:43:56 MST 2018
# Start of session at: Mon Jan 13 10:16:33 2020
# Process ID: 28464
# Current directory: H:/An/NN
# Command line: vivado.exe -gui_launcher_event rodinguilauncherevent19716 H:\An\NN\NN.xpr
# Log file: H:/An/NN/vivado.log
# Journal file: H:/An/NN\vivado.jou
#-----------------------------------------------------------
start_gui
open_project H:/An/NN/NN.xpr
Scanning sources...
Finished scanning sources
INFO: [IP_Flow 19-234] Refreshing IP repositories
INFO: [IP_Flow 19-1704] No user IP repositories specified
INFO: [IP_Flow 19-2313] Loaded Vivado IP repository 'F:/Vivado/Vivado/2018.3/data/ip'.
open_project: Time (s): cpu = 00:00:20 ; elapsed = 00:00:16 . Memory (MB): peak = 693.008 ; gain = 100.441
exit
INFO: [Common 17-206] Exiting Vivado at Mon Jan 13 10:19:36 2020...
